<?xml version="1.0" encoding="UTF-8"?>
<testsuite name="com.bl.demo.MaximumNumberTest" tests="1" skipped="0" failures="0" errors="0" timestamp="2020-04-28T13:35:20" hostname="DESKTOP-QIO4ADF" time="0.002">
  <properties/>
  <testcase name="testCode_IntegerObjectArrayWithMultipleParameter_ShouldReturnMaximumNumber" classname="com.bl.demo.MaximumNumberTest" time="0.002"/>
  <system-out><![CDATA[]]></system-out>
  <system-err><![CDATA[]]></system-err>
</testsuite>
