<?xml version="1.0" encoding="UTF-8"?>
<testsuite name="com.bl.demo.MaximumNumberTest" tests="1" skipped="0" failures="0" errors="0" timestamp="2020-04-28T14:08:47" hostname="DESKTOP-QIO4ADF" time="0.008">
  <properties/>
  <testcase name="testCode_FloatObjectArrayWithMultipleParameter_ShouldPrintMaximumNumber" classname="com.bl.demo.MaximumNumberTest" time="0.008"/>
  <system-out><![CDATA[3.1
]]></system-out>
  <system-err><![CDATA[]]></system-err>
</testsuite>
