<?xml version="1.0" encoding="UTF-8"?>
<testsuite name="com.bl.demo.MaximumNumberTest" tests="2" skipped="0" failures="0" errors="0" timestamp="2020-04-28T07:13:22" hostname="DESKTOP-QIO4ADF" time="0.006">
  <properties/>
  <testcase name="testCode_FloatObjectArray_ShouldReturnMaximumNumber" classname="com.bl.demo.MaximumNumberTest" time="0.004"/>
  <testcase name="testCode_IntegerObjectArray_ShouldReturnMaximumNumber" classname="com.bl.demo.MaximumNumberTest" time="0.001"/>
  <system-out><![CDATA[]]></system-out>
  <system-err><![CDATA[]]></system-err>
</testsuite>
